<?xml version="1.0" encoding="UTF-8"?>
<!-- Generated by org.testng.reporters.JUnitReportReporter -->
<testsuite skipped="0" hostname="NAP-LAP1" name="UITest.RequestPageTest" tests="1" failures="0" timestamp="17 Nov 2019 15:56:58 GMT" time="13.871" errors="0">
  <testcase name="HomePageLoadCorrectly" time="13.871" classname="UITest.RequestPageTest"/>
</testsuite> <!-- UITest.RequestPageTest -->
