<?xml version="1.0" encoding="UTF-8"?>
<!-- Generated by org.testng.reporters.JUnitReportReporter -->
<testsuite skipped="0" hostname="NAP-LAP1" name="UITest.RequestPageTest" tests="1" failures="0" timestamp="18 Nov 2019 03:42:36 GMT" time="12.445" errors="0">
  <testcase name="HomePageLoadCorrectly" time="12.445" classname="UITest.RequestPageTest"/>
</testsuite> <!-- UITest.RequestPageTest -->
