<?xml version="1.0" encoding="UTF-8"?>
<!-- Generated by org.testng.reporters.JUnitReportReporter -->
<testsuite skipped="0" hostname="NAP-LAP1" name="APITest.TypiCodeTest" tests="1" failures="0" timestamp="18 Nov 2019 02:49:48 GMT" time="4.698" errors="0">
  <testcase name="TypiCodeTest" time="4.698" classname="APITest.TypiCodeTest"/>
</testsuite> <!-- APITest.TypiCodeTest -->
